<?xml version="1.0" encoding="UTF-8"?>
<database name="gemdat5" xmlns="http://db.apache.org/torque/4.0/templates/database" xmlns:xsi="http://www.w3.org/2001/XMLSchema-instance" xsi:schemaLocation="http://db.apache.org/torque/4.0/templates/database database-torque-4-0.xsd">
	<table name="minimal2">
		<column name="id" type="VARCHAR"/>
		<column name="name" type="VARCHAR"/>
	</table>
</database>
